WARNING:root:this is an warning message.
ERROR:root:this is an error message.
CRITICAL:root:this is an critcal message

WARNING:root:this is an warning message.
ERROR:root:this is an error message.
CRITICAL:root:this is an critcal message

DEBUG:root:this is an debug information
INFO:root:this is an information message.
WARNING:root:this is an warning message.
ERROR:root:this is an error message.
CRITICAL:root:this is an critcal message


2017-04-18 18:43:21,392 - DEBUG - root - this is an debug information
2017-04-18 18:43:21,395 - INFO - root - this is an information message.
2017-04-18 18:43:21,395 - WARNING - root - this is an warning message.
2017-04-18 18:43:21,395 - ERROR - root - this is an error message.
2017-04-18 18:43:21,395 - CRITICAL - root - this is an critcal message

Tue Apr 18 18:44:38 2017 - DEBUG - root - this is an debug information
Tue Apr 18 18:44:38 2017 - INFO - root - this is an information message.
Tue Apr 18 18:44:38 2017 - WARNING - root - this is an warning message.
Tue Apr 18 18:44:38 2017 - ERROR - root - this is an error message.
Tue Apr 18 18:44:38 2017 - CRITICAL - root - this is an critcal message
