WARNING:root:this is an warning message
ERROR:root:This is an error message
CRITICAL:root:This is an critical message
-------------------------------------------
WARNING:root:this is an warning message
ERROR:root:This is an error message
CRITICAL:root:This is an critical message
-------------------------------------------
DEBUG:root:this is an debug message
INFO:root:this is an information message.
WARNING:root:this is an warning message
ERROR:root:This is an error message
CRITICAL:root:This is an critical message
-------------------------------------------

 2017-05-31 19:06:08,874 - root - DEBUG - this is an debug message
 2017-05-31 19:06:08,881 - root - INFO - this is an information message.
 2017-05-31 19:06:08,881 - root - WARNING - this is an warning message
 2017-05-31 19:06:08,881 - root - ERROR - This is an error message
 2017-05-31 19:06:08,881 - root - CRITICAL - This is an critical message
 -------------------------------------------
 
 Wed May 31 19:08:12 2017 - root - DEBUG - this is an debug message
 Wed May 31 19:08:12 2017 - root - INFO - this is an information message.
 Wed May 31 19:08:12 2017 - root - WARNING - this is an warning message
 Wed May 31 19:08:12 2017 - root - ERROR - This is an error message
 Wed May 31 19:08:12 2017 - root - CRITICAL - This is an critical message
